<?xml version="1.0" encoding="UTF-8"?>
<testng-results skipped="0" failed="0" ignored="0" total="1" passed="1">
  <reporter-output>
    <line>
      <![CDATA[This application is used to track the employees and thier attandance and leaves.]]>
    </line>
    <line>
      <![CDATA[report generated ]]>
    </line>
  </reporter-output>
  <suite name="Default suite" duration-ms="29445" started-at="2020-07-15T10:42:31 IST" finished-at="2020-07-15T10:43:01 IST">
    <groups>
    </groups>
    <test name="Default test" duration-ms="29445" started-at="2020-07-15T10:42:31 IST" finished-at="2020-07-15T10:43:01 IST">
      <class name="inheritInTestNG.HandlingFrames">
        <test-method status="PASS" signature="projectDoc()[pri:0, instance:inheritInTestNG.HandlingFrames@610694f1]" name="projectDoc" is-config="true" duration-ms="25" started-at="2020-07-15T10:42:31 IST" finished-at="2020-07-15T10:42:31 IST">
          <reporter-output>
            <line>
              <![CDATA[This application is used to track the employees and thier attandance and leaves.]]>
            </line>
          </reporter-output>
        </test-method> <!-- projectDoc -->
        <test-method status="PASS" signature="setPro()[pri:0, instance:inheritInTestNG.HandlingFrames@610694f1]" name="setPro" is-config="true" duration-ms="2" started-at="2020-07-15T10:42:31 IST" finished-at="2020-07-15T10:42:31 IST">
          <reporter-output>
          </reporter-output>
        </test-method> <!-- setPro -->
        <test-method status="PASS" signature="openApp()[pri:0, instance:inheritInTestNG.HandlingFrames@610694f1]" name="openApp" is-config="true" duration-ms="18103" started-at="2020-07-15T10:42:31 IST" finished-at="2020-07-15T10:42:49 IST">
          <reporter-output>
          </reporter-output>
        </test-method> <!-- openApp -->
        <test-method status="PASS" signature="testA()[pri:0, instance:inheritInTestNG.HandlingFrames@610694f1]" name="testA" duration-ms="10355" started-at="2020-07-15T10:42:49 IST" finished-at="2020-07-15T10:43:00 IST">
          <reporter-output>
          </reporter-output>
        </test-method> <!-- testA -->
        <test-method status="PASS" signature="closeApp()[pri:0, instance:inheritInTestNG.HandlingFrames@610694f1]" name="closeApp" is-config="true" duration-ms="880" started-at="2020-07-15T10:43:00 IST" finished-at="2020-07-15T10:43:00 IST">
          <reporter-output>
          </reporter-output>
        </test-method> <!-- closeApp -->
        <test-method status="PASS" signature="reportGeneration()[pri:0, instance:inheritInTestNG.HandlingFrames@610694f1]" name="reportGeneration" is-config="true" duration-ms="0" started-at="2020-07-15T10:43:01 IST" finished-at="2020-07-15T10:43:01 IST">
          <reporter-output>
            <line>
              <![CDATA[report generated ]]>
            </line>
          </reporter-output>
        </test-method> <!-- reportGeneration -->
      </class> <!-- inheritInTestNG.HandlingFrames -->
    </test> <!-- Default test -->
  </suite> <!-- Default suite -->
</testng-results>
