<?xml version="1.0" encoding="UTF-8"?>
<!-- Generated by org.testng.reporters.JUnitXMLReporter -->
<testsuite hostname="SG" ignored="1" name="Test" tests="10" failures="0" timestamp="2020-07-10T20:12:34 IST" time="0.338" errors="0">
  <testcase name="method1" time="0.039" classname="tests.BatchExecution1"/>
  <testcase name="method2" time="0.003" classname="tests.BatchExecution1"/>
  <testcase name="method3" time="0.003" classname="tests.BatchExecution2"/>
  <testcase name="method4" time="0.007" classname="tests.BatchExecution2"/>
  <testcase name="testA" time="0.005" classname="tests.DemoTestng"/>
  <testcase name="testSignUp" time="0.003" classname="tests.DemoTestng1"/>
  <testcase name="testLogin" time="0.012" classname="tests.DemoTestng1"/>
  <testcase name="testTask" time="0.003" classname="tests.DemoTestng1"/>
  <testcase name="testLogout" time="0.002" classname="tests.DemoTestng1"/>
  <testcase name="f" time="0.006" classname="qsp.FromQsp"/>
  <testcase name="testZ" time="0.0" classname="tests.DemoTestng">
    <ignored/>
  </testcase> <!-- testZ -->
</testsuite> <!-- Test -->
